
Showing logs for build [32mcb-kubecd-environment-pr-205-13-h78pq-1[0m stage [32mfrom-build-pack[0m and container [32mstep-credential-initializer-vqjgv[0m
{"level":"info","ts":1587416071.3270245,"logger":"fallback-logger","caller":"logging/config.go:69","msg":"Fetch GitHub commit ID from kodata failed: open /var/run/ko/refs/heads/0.8.0-ns-support: no such file or directory"}
{"level":"info","ts":1587416071.336933,"logger":"fallback-logger","caller":"creds-init/main.go:40","msg":"Credentials initialized."}

Showing logs for build [32mcb-kubecd-environment-pr-205-13-h78pq-1[0m stage [32mfrom-build-pack[0m and container [32mstep-working-dir-initializer-db9mz[0m
{"level":"info","ts":1587416071.8154874,"logger":"fallback-logger","caller":"logging/config.go:69","msg":"Fetch GitHub commit ID from kodata failed: open /var/run/ko/HEAD: no such file or directory"}
{"level":"info","ts":1587416071.8167858,"logger":"fallback-logger","caller":"bash/main.go:64","msg":"Successfully executed command \"sh -c mkdir -p /workspace/source\"; output "}

Showing logs for build [32mcb-kubecd-environment-pr-205-13-h78pq-1[0m stage [32mfrom-build-pack[0m and container [32mstep-place-tools[0m

Showing logs for build [32mcb-kubecd-environment-pr-205-13-h78pq-1[0m stage [32mfrom-build-pack[0m and container [32mstep-git-source-cb-kubecd-environment-pr-205-13-h78pq-fcnq4[0m
{"level":"info","ts":1587416075.9843442,"logger":"fallback-logger","caller":"logging/config.go:69","msg":"Fetch GitHub commit ID from kodata failed: open /var/run/ko/refs/heads/0.8.0-ns-support: no such file or directory"}
{"level":"info","ts":1587416077.0234122,"logger":"fallback-logger","caller":"git/git.go:103","msg":"Successfully cloned https://github.com/cb-kubecd/environment-pr-205-137-boot-gke-staging.git @ master in path /workspace/source"}

Showing logs for build [32mcb-kubecd-environment-pr-205-13-h78pq-1[0m stage [32mfrom-build-pack[0m and container [32mstep-git-merge[0m
Using SHAs from PULL_REFS=master:d448f8763cb88ff148c82c6dac0aaf0b9a77ecb1,2:89da5737005ccd48ba32f6d0106d7420911a6a45
DEBUG: LC_ALL=C JX_LOG_LEVEL=error git fetch origin --unshallow 89da5737005ccd48ba32f6d0106d7420911a6a45: d448f8763cb88ff148c82c6dac0aaf0b9a77ecb1:
DEBUG: ran git fetch --unshallow origin 89da5737005ccd48ba32f6d0106d7420911a6a45: d448f8763cb88ff148c82c6dac0aaf0b9a77ecb1: in 
DEBUG: LC_ALL=C JX_LOG_LEVEL=error git branch
DEBUG: JX_LOG_LEVEL=error LC_ALL=C git checkout master
DEBUG: ran git checkout master in 
DEBUG: JX_LOG_LEVEL=error LC_ALL=C git reset --hard d448f8763cb88ff148c82c6dac0aaf0b9a77ecb1
DEBUG: ran git reset --hard d448f8763cb88ff148c82c6dac0aaf0b9a77ecb1 in 
DEBUG: JX_LOG_LEVEL=error LC_ALL=C git clean -fd .
DEBUG: ran clean --force -d . in 
DEBUG: LC_ALL=C JX_LOG_LEVEL=error git merge 89da5737005ccd48ba32f6d0106d7420911a6a45
DEBUG: ran git merge 89da5737005ccd48ba32f6d0106d7420911a6a45 in 
DEBUG: LC_ALL=C JX_LOG_LEVEL=error git log --format=%H%x1f%an%x1f%ae%x1f%cn%x1f%ce%x1f%s%n%b%x1e d448f8763cb88ff148c82c6dac0aaf0b9a77ecb1..HEAD
Merged SHA 89da5737005ccd48ba32f6d0106d7420911a6a45 with commit message 'chore: Promote bdd-gh-1587415786 to version 0.0.1' into base branch master

Showing logs for build [32mcb-kubecd-environment-pr-205-13-h78pq-1[0m stage [32mfrom-build-pack[0m and container [32mstep-build-helm-build[0m
WARNING: No $CHART_REPOSITORY defined so using the default value of: http://jenkins-x-chartmuseum:8080
Adding missing Helm repo: storage.googleapis.com https://storage.googleapis.com/chartmuseum.jenkins-x.io
WARNING: No secrets found on "helm/repos" due: reading the secret "helm/repos" from vault: no secret "helm/repos" not found in vault
Read credentials for https://storage.googleapis.com/chartmuseum.jenkins-x.io from vault helm/repos
Successfully added Helm repository storage.googleapis.com.
Adding missing Helm repo: jenkins-x-chartmuseum http://jenkins-x-chartmuseum:8080
WARNING: No secrets found on "helm/repos" due: reading the secret "helm/repos" from vault: no secret "helm/repos" not found in vault
Read credentials for http://jenkins-x-chartmuseum:8080 from vault helm/repos
Successfully added Helm repository jenkins-x-chartmuseum.
WARNING: No $CHART_REPOSITORY defined so using the default value of: http://jenkins-x-chartmuseum:8080
Adding missing Helm repo: chartmuseum.jenkins-x.io http://chartmuseum.jenkins-x.io
WARNING: No secrets found on "helm/repos" due: reading the secret "helm/repos" from vault: no secret "helm/repos" not found in vault
Read credentials for http://chartmuseum.jenkins-x.io from vault helm/repos
Successfully added Helm repository chartmuseum.jenkins-x.io.
