
Showing logs for build [32mcb-kubecd-environment-pr-205-13-dsc26-1[0m stage [32mfrom-build-pack[0m and container [32mstep-credential-initializer-qdnpv[0m
{"level":"info","ts":1587416699.667058,"logger":"fallback-logger","caller":"logging/config.go:69","msg":"Fetch GitHub commit ID from kodata failed: open /var/run/ko/refs/heads/0.8.0-ns-support: no such file or directory"}
{"level":"info","ts":1587416699.6683443,"logger":"fallback-logger","caller":"creds-init/main.go:40","msg":"Credentials initialized."}

Showing logs for build [32mcb-kubecd-environment-pr-205-13-dsc26-1[0m stage [32mfrom-build-pack[0m and container [32mstep-working-dir-initializer-db22t[0m
{"level":"info","ts":1587416700.7383122,"logger":"fallback-logger","caller":"logging/config.go:69","msg":"Fetch GitHub commit ID from kodata failed: open /var/run/ko/HEAD: no such file or directory"}
{"level":"info","ts":1587416700.7398334,"logger":"fallback-logger","caller":"bash/main.go:64","msg":"Successfully executed command \"sh -c mkdir -p /workspace/source\"; output "}

Showing logs for build [32mcb-kubecd-environment-pr-205-13-dsc26-1[0m stage [32mfrom-build-pack[0m and container [32mstep-place-tools[0m

Showing logs for build [32mcb-kubecd-environment-pr-205-13-dsc26-1[0m stage [32mfrom-build-pack[0m and container [32mstep-git-source-cb-kubecd-environment-pr-205-13-dsc26-pr9jq[0m
{"level":"info","ts":1587416704.982076,"logger":"fallback-logger","caller":"logging/config.go:69","msg":"Fetch GitHub commit ID from kodata failed: open /var/run/ko/refs/heads/0.8.0-ns-support: no such file or directory"}
{"level":"info","ts":1587416706.0338757,"logger":"fallback-logger","caller":"git/git.go:103","msg":"Successfully cloned https://github.com/cb-kubecd/environment-pr-205-137-boot-gke-staging.git @ master in path /workspace/source"}

Showing logs for build [32mcb-kubecd-environment-pr-205-13-dsc26-1[0m stage [32mfrom-build-pack[0m and container [32mstep-git-merge[0m
Using SHAs from PULL_REFS=master:b86686c8288b03e7d779a61d35188be8b2e19fcd,3:bebd8f803a4731a3ffcf25e843d6706bc80236ae
DEBUG: LC_ALL=C JX_LOG_LEVEL=error git fetch origin --unshallow bebd8f803a4731a3ffcf25e843d6706bc80236ae: b86686c8288b03e7d779a61d35188be8b2e19fcd:
DEBUG: ran git fetch --unshallow origin bebd8f803a4731a3ffcf25e843d6706bc80236ae: b86686c8288b03e7d779a61d35188be8b2e19fcd: in 
DEBUG: LC_ALL=C JX_LOG_LEVEL=error git branch
DEBUG: LC_ALL=C JX_LOG_LEVEL=error git checkout master
DEBUG: ran git checkout master in 
DEBUG: LC_ALL=C JX_LOG_LEVEL=error git reset --hard b86686c8288b03e7d779a61d35188be8b2e19fcd
DEBUG: ran git reset --hard b86686c8288b03e7d779a61d35188be8b2e19fcd in 
DEBUG: JX_LOG_LEVEL=error LC_ALL=C git clean -fd .
DEBUG: ran clean --force -d . in 
DEBUG: LC_ALL=C JX_LOG_LEVEL=error git merge bebd8f803a4731a3ffcf25e843d6706bc80236ae
DEBUG: ran git merge bebd8f803a4731a3ffcf25e843d6706bc80236ae in 
DEBUG: LC_ALL=C JX_LOG_LEVEL=error git log --format=%H%x1f%an%x1f%ae%x1f%cn%x1f%ce%x1f%s%n%b%x1e b86686c8288b03e7d779a61d35188be8b2e19fcd..HEAD
Merged SHA bebd8f803a4731a3ffcf25e843d6706bc80236ae with commit message 'chore: Promote bdd-nh-1587415786 to version 0.0.1' into base branch master

Showing logs for build [32mcb-kubecd-environment-pr-205-13-dsc26-1[0m stage [32mfrom-build-pack[0m and container [32mstep-build-helm-build[0m
WARNING: No $CHART_REPOSITORY defined so using the default value of: http://jenkins-x-chartmuseum:8080
Adding missing Helm repo: storage.googleapis.com https://storage.googleapis.com/chartmuseum.jenkins-x.io
WARNING: No secrets found on "helm/repos" due: reading the secret "helm/repos" from vault: no secret "helm/repos" not found in vault
Read credentials for https://storage.googleapis.com/chartmuseum.jenkins-x.io from vault helm/repos
Successfully added Helm repository storage.googleapis.com.
Adding missing Helm repo: jenkins-x-chartmuseum http://jenkins-x-chartmuseum:8080
WARNING: No secrets found on "helm/repos" due: reading the secret "helm/repos" from vault: no secret "helm/repos" not found in vault
Read credentials for http://jenkins-x-chartmuseum:8080 from vault helm/repos
Successfully added Helm repository jenkins-x-chartmuseum.
WARNING: No $CHART_REPOSITORY defined so using the default value of: http://jenkins-x-chartmuseum:8080
Adding missing Helm repo: chartmuseum.jenkins-x.io http://chartmuseum.jenkins-x.io
WARNING: No secrets found on "helm/repos" due: reading the secret "helm/repos" from vault: no secret "helm/repos" not found in vault
Read credentials for http://chartmuseum.jenkins-x.io from vault helm/repos
Successfully added Helm repository chartmuseum.jenkins-x.io.
