
Showing logs for build [32mcb-kubecd-environment-pr-205-13-2kwqr-1[0m stage [32mfrom-build-pack[0m and container [32mstep-credential-initializer-vrjtk[0m
{"level":"info","ts":1587418405.381615,"logger":"fallback-logger","caller":"logging/config.go:69","msg":"Fetch GitHub commit ID from kodata failed: open /var/run/ko/refs/heads/0.8.0-ns-support: no such file or directory"}
{"level":"info","ts":1587418405.3823555,"logger":"fallback-logger","caller":"creds-init/main.go:40","msg":"Credentials initialized."}

Showing logs for build [32mcb-kubecd-environment-pr-205-13-2kwqr-1[0m stage [32mfrom-build-pack[0m and container [32mstep-working-dir-initializer-jgzqc[0m
{"level":"info","ts":1587418406.408863,"logger":"fallback-logger","caller":"logging/config.go:69","msg":"Fetch GitHub commit ID from kodata failed: open /var/run/ko/HEAD: no such file or directory"}
{"level":"info","ts":1587418406.4128058,"logger":"fallback-logger","caller":"bash/main.go:64","msg":"Successfully executed command \"sh -c mkdir -p /workspace/source\"; output "}

Showing logs for build [32mcb-kubecd-environment-pr-205-13-2kwqr-1[0m stage [32mfrom-build-pack[0m and container [32mstep-place-tools[0m

Showing logs for build [32mcb-kubecd-environment-pr-205-13-2kwqr-1[0m stage [32mfrom-build-pack[0m and container [32mstep-git-source-cb-kubecd-environment-pr-205-13-2kwqr-p26hb[0m
{"level":"info","ts":1587418412.485289,"logger":"fallback-logger","caller":"logging/config.go:69","msg":"Fetch GitHub commit ID from kodata failed: open /var/run/ko/refs/heads/0.8.0-ns-support: no such file or directory"}
{"level":"info","ts":1587418413.5611055,"logger":"fallback-logger","caller":"git/git.go:103","msg":"Successfully cloned https://github.com/cb-kubecd/environment-pr-205-137-boot-gke-staging.git @ master in path /workspace/source"}

Showing logs for build [32mcb-kubecd-environment-pr-205-13-2kwqr-1[0m stage [32mfrom-build-pack[0m and container [32mstep-git-merge[0m
Using SHAs from PULL_REFS=master:094919835b90ea0a687733c190ade0fe2f735c58,5:e589dae634943be35de7759bf7e8a32c0665371c
DEBUG: LC_ALL=C JX_LOG_LEVEL=error git fetch origin --unshallow e589dae634943be35de7759bf7e8a32c0665371c: 094919835b90ea0a687733c190ade0fe2f735c58:
DEBUG: ran git fetch --unshallow origin e589dae634943be35de7759bf7e8a32c0665371c: 094919835b90ea0a687733c190ade0fe2f735c58: in 
DEBUG: LC_ALL=C JX_LOG_LEVEL=error git branch
DEBUG: LC_ALL=C JX_LOG_LEVEL=error git checkout master
DEBUG: ran git checkout master in 
DEBUG: LC_ALL=C JX_LOG_LEVEL=error git reset --hard 094919835b90ea0a687733c190ade0fe2f735c58
DEBUG: ran git reset --hard 094919835b90ea0a687733c190ade0fe2f735c58 in 
DEBUG: LC_ALL=C JX_LOG_LEVEL=error git clean -fd .
DEBUG: ran clean --force -d . in 
DEBUG: LC_ALL=C JX_LOG_LEVEL=error git merge e589dae634943be35de7759bf7e8a32c0665371c
DEBUG: ran git merge e589dae634943be35de7759bf7e8a32c0665371c in 
DEBUG: LC_ALL=C JX_LOG_LEVEL=error git log --format=%H%x1f%an%x1f%ae%x1f%cn%x1f%ce%x1f%s%n%b%x1e 094919835b90ea0a687733c190ade0fe2f735c58..HEAD
Merged SHA e589dae634943be35de7759bf7e8a32c0665371c with commit message 'chore: Promote bdd-sbrp-import-1587418042 to version 0.0.1' into base branch master

Showing logs for build [32mcb-kubecd-environment-pr-205-13-2kwqr-1[0m stage [32mfrom-build-pack[0m and container [32mstep-build-helm-build[0m
WARNING: No $CHART_REPOSITORY defined so using the default value of: http://jenkins-x-chartmuseum:8080
Adding missing Helm repo: storage.googleapis.com https://storage.googleapis.com/chartmuseum.jenkins-x.io
WARNING: No secrets found on "helm/repos" due: reading the secret "helm/repos" from vault: no secret "helm/repos" not found in vault
Read credentials for https://storage.googleapis.com/chartmuseum.jenkins-x.io from vault helm/repos
Successfully added Helm repository storage.googleapis.com.
Adding missing Helm repo: jenkins-x-chartmuseum http://jenkins-x-chartmuseum:8080
WARNING: No secrets found on "helm/repos" due: reading the secret "helm/repos" from vault: no secret "helm/repos" not found in vault
Read credentials for http://jenkins-x-chartmuseum:8080 from vault helm/repos
Successfully added Helm repository jenkins-x-chartmuseum.
WARNING: No $CHART_REPOSITORY defined so using the default value of: http://jenkins-x-chartmuseum:8080
Adding missing Helm repo: chartmuseum.jenkins-x.io http://chartmuseum.jenkins-x.io
WARNING: No secrets found on "helm/repos" due: reading the secret "helm/repos" from vault: no secret "helm/repos" not found in vault
Read credentials for http://chartmuseum.jenkins-x.io from vault helm/repos
Successfully added Helm repository chartmuseum.jenkins-x.io.
